Started at Tue Mar 01 13:30:41 UTC 2022
Processing c-projects
Offering c-projects to Project Build Discarder
Processing java project
Offering java project to Project Build Discarder
Processing job one
Offering job one to Project Build Discarder
Finished at Tue Mar 01 13:30:41 UTC 2022. 1ms
Started at Tue Mar 01 14:30:41 UTC 2022
Processing c-projects
Offering c-projects to Project Build Discarder
Processing java project
Offering java project to Project Build Discarder
Processing job one
Offering job one to Project Build Discarder
Finished at Tue Mar 01 14:30:41 UTC 2022. 1ms
Started at Tue Mar 01 15:30:41 UTC 2022
Processing c-projects
Offering c-projects to Project Build Discarder
Processing java project
Offering java project to Project Build Discarder
Processing job one
Offering job one to Project Build Discarder
Finished at Tue Mar 01 15:30:41 UTC 2022. 4ms
Started at Tue Mar 01 16:30:41 UTC 2022
Processing c-projects
Offering c-projects to Project Build Discarder
Processing java project
Offering java project to Project Build Discarder
Processing job one
Offering job one to Project Build Discarder
Finished at Tue Mar 01 16:30:41 UTC 2022. 0ms
Started at Tue Mar 01 17:30:41 UTC 2022
Processing c-projects
Offering c-projects to Project Build Discarder
Processing java project
Offering java project to Project Build Discarder
Processing job one
Offering job one to Project Build Discarder
Finished at Tue Mar 01 17:30:41 UTC 2022. 0ms
Started at Tue Mar 01 18:30:41 UTC 2022
Processing c-projects
Offering c-projects to Project Build Discarder
Processing java project
Offering java project to Project Build Discarder
Processing job one
Offering job one to Project Build Discarder
Finished at Tue Mar 01 18:30:41 UTC 2022. 4ms
Started at Tue Mar 01 19:30:41 UTC 2022
Processing c-projects
Offering c-projects to Project Build Discarder
Processing java project
Offering java project to Project Build Discarder
Processing job one
Offering job one to Project Build Discarder
Finished at Tue Mar 01 19:30:41 UTC 2022. 0ms
Started at Tue Mar 01 20:30:41 UTC 2022
Processing c-projects
Offering c-projects to Project Build Discarder
Processing java project
Offering java project to Project Build Discarder
Processing job one
Offering job one to Project Build Discarder
Finished at Tue Mar 01 20:30:41 UTC 2022. 0ms
Started at Tue Mar 01 21:30:41 UTC 2022
Processing c-projects
Offering c-projects to Project Build Discarder
Processing java project
Offering java project to Project Build Discarder
Processing job one
Offering job one to Project Build Discarder
Finished at Tue Mar 01 21:30:41 UTC 2022. 0ms
Started at Tue Mar 01 22:30:41 UTC 2022
Processing c-projects
Offering c-projects to Project Build Discarder
Processing java project
Offering java project to Project Build Discarder
Processing job one
Offering job one to Project Build Discarder
Finished at Tue Mar 01 22:30:41 UTC 2022. 3ms
Started at Tue Mar 01 23:30:41 UTC 2022
Processing c-projects
Offering c-projects to Project Build Discarder
Processing java project
Offering java project to Project Build Discarder
Processing job one
Offering job one to Project Build Discarder
Finished at Tue Mar 01 23:30:41 UTC 2022. 0ms
Started at Wed Mar 02 00:30:41 UTC 2022
Processing c-projects
Offering c-projects to Project Build Discarder
Processing java project
Offering java project to Project Build Discarder
Processing job one
Offering job one to Project Build Discarder
Finished at Wed Mar 02 00:30:41 UTC 2022. 0ms
Started at Wed Mar 02 01:30:41 UTC 2022
Processing c-projects
Offering c-projects to Project Build Discarder
Processing java project
Offering java project to Project Build Discarder
Processing job one
Offering job one to Project Build Discarder
Finished at Wed Mar 02 01:30:41 UTC 2022. 8ms
Started at Wed Mar 02 02:30:41 UTC 2022
Processing c-projects
Offering c-projects to Project Build Discarder
Processing java project
Offering java project to Project Build Discarder
Processing job one
Offering job one to Project Build Discarder
Finished at Wed Mar 02 02:30:41 UTC 2022. 0ms
Started at Wed Mar 02 03:30:41 UTC 2022
Processing c-projects
Offering c-projects to Project Build Discarder
Processing java project
Offering java project to Project Build Discarder
Processing job one
Offering job one to Project Build Discarder
Finished at Wed Mar 02 03:30:41 UTC 2022. 0ms
Started at Wed Mar 02 04:30:41 UTC 2022
Processing c-projects
Offering c-projects to Project Build Discarder
Processing java project
Offering java project to Project Build Discarder
Processing job one
Offering job one to Project Build Discarder
Finished at Wed Mar 02 04:30:41 UTC 2022. 7ms
Started at Wed Mar 02 05:30:41 UTC 2022
Processing c-projects
Offering c-projects to Project Build Discarder
Processing java project
Offering java project to Project Build Discarder
Processing job one
Offering job one to Project Build Discarder
Finished at Wed Mar 02 05:30:41 UTC 2022. 0ms
